An error occurred while executing the following cell:
------------------
try:
    import flax.linen as nn
except ModuleNotFoundError:
    %pip install -qq flax
    import flax.linen as nn

from flax.core import unfreeze

from flax.training import train_state

import jax
import jax.numpy as jnp
from jax.config import config

try:
    import optax
except ModuleNotFoundError:
    %pip install -qq optax
    import optax

import matplotlib.pyplot as plt
import seaborn as sns
from matplotlib.offsetbox import OffsetImage, AnnotationBbox

try:
    from probml_utils import latexify, savefig, is_latexify_enabled
except ModuleNotFoundError:
    %pip install -qq git+https://github.com/probml/probml-utils.git
    from probml_utils import latexify, savefig, is_latexify_enabled

from scipy.ndimage import rotate

try:
    import tensorflow.keras.datasets as tfds
except ModuleNotFoundError:
    %pip install -qq tensorflow
    import tensorflow.keras.datasets as tfds

from functools import partial

try:
    from tqdm import tqdm
except ModuleNotFoundError:
    %pip install tqdm
    from tqdm import tqdm

import pandas as pd
------------------

---------------------------------------------------------------------------
ModuleNotFoundError                       Traceback (most recent call last)
/tmp/ipykernel_4055/1338808478.py in <module>
     25 try:
---> 26     from probml_utils import latexify, savefig, is_latexify_enabled
     27 except ModuleNotFoundError:

ModuleNotFoundError: No module named 'probml_utils'

During handling of the above exception, another exception occurred:

ModuleNotFoundError                       Traceback (most recent call last)
/tmp/ipykernel_4055/1338808478.py in <module>
     27 except ModuleNotFoundError:
     28     get_ipython().run_line_magic('pip', 'install -qq git+https://github.com/probml/probml-utils.git')
---> 29     from probml_utils import latexify, savefig, is_latexify_enabled
     30 
     31 from scipy.ndimage import rotate

ModuleNotFoundError: No module named 'probml_utils'
ModuleNotFoundError: No module named 'probml_utils'
