An error occurred while executing the following cell:
------------------
# Illustrate parity check code using a directed graphical model
# Authors: murphyk@, Drishtii@
# Based on
# https://github.com/probml/pmtk3/blob/master/demos/errorCorrectingCodeDemo.m


try:
    import probml_utils as pml
except ModuleNotFoundError:
    %pip install -qq git+https://github.com/probml/probml-utils.git
    import probml_utils as pml

import probml_utils.pgmpy_utils as pgm

try:
    from pgmpy.models import BayesianModel
except ModuleNotFoundError:
    %pip install -qq pgmpy
    from pgmpy.models import BayesianModel

from pgmpy.factors.discrete import TabularCPD
import numpy as np
import matplotlib.pyplot as plt
------------------

---------------------------------------------------------------------------
ModuleNotFoundError                       Traceback (most recent call last)
~/miniconda3/envs/py37/lib/python3.7/site-packages/probml_utils/pgmpy_utils.py in <module>
      7 try:
----> 8   import pgmpy
      9 except:

ModuleNotFoundError: No module named 'pgmpy'

During handling of the above exception, another exception occurred:

AttributeError                            Traceback (most recent call last)
/tmp/ipykernel_5537/3050749607.py in <module>
     11     import probml_utils as pml
     12 
---> 13 import probml_utils.pgmpy_utils as pgm
     14 
     15 try:

~/miniconda3/envs/py37/lib/python3.7/site-packages/probml_utils/pgmpy_utils.py in <module>
      9 except:
     10   os.system("pip install pgmpy")
---> 11   import pgmpy
     12 
     13 import numpy as np

~/miniconda3/envs/py37/lib/python3.7/site-packages/pgmpy/__init__.py in <module>
----> 1 from .global_vars import HAS_PANDAS, device, no_progress
      2 
      3 __all__ = ["HAS_PANDAS", "device"]
      4 __version__ = "0.1.19"

~/miniconda3/envs/py37/lib/python3.7/site-packages/pgmpy/global_vars.py in <module>
      6 
      7     # Check if GPU is available
----> 8     if torch.cuda.is_available():
      9         device = torch.device("cuda")
     10     else:

AttributeError: module 'torch' has no attribute 'cuda'
AttributeError: module 'torch' has no attribute 'cuda'
