An error occurred while executing the following cell:
------------------
try:
    import ssm
except ModuleNotFoundError:
    %pip install -qq ssm
    import ssm
------------------

---------------------------------------------------------------------------
ModuleNotFoundError                       Traceback (most recent call last)
/tmp/ipykernel_3659/3081356446.py in <module>
      1 try:
----> 2     import ssm
      3 except ModuleNotFoundError:

ModuleNotFoundError: No module named 'ssm'

During handling of the above exception, another exception occurred:

ModuleNotFoundError                       Traceback (most recent call last)
/tmp/ipykernel_3659/3081356446.py in <module>
      3 except ModuleNotFoundError:
      4     get_ipython().run_line_magic('pip', 'install -qq ssm')
----> 5     import ssm

ModuleNotFoundError: No module named 'ssm'
ModuleNotFoundError: No module named 'ssm'
