An error occurred while executing the following cell:
------------------
# Linear regression using MLE with fixed variance and input-dependent variance.
# Adapted from
# https://colab.sandbox.google.com/github/tensorflow/probability/blob/master/tensorflow_probability/examples/jupyter_notebooks/Probabilistic_Layers_Regression.ipynb#scrollTo=5zCEYpzu7bDX


from __future__ import absolute_import
from __future__ import division
from __future__ import print_function

from pprint import pprint
import matplotlib.pyplot as plt
import numpy as np
import seaborn as sns

try:
    import tensorflow.compat.v2 as tf
except ModuleNotFoundError:
    %pip install -qq tensorflow
    import tensorflow.compat.v2 as tf
tf.enable_v2_behavior()

try:
    import tensorflow_probability as tfp
except ModuleNotFoundError:
    %pip install -qq tensorflow-probability
    import tensorflow_probability as tfp
import numpy as np
import matplotlib.pyplot as plt
import os

figdir = "figures"


def savefig(fname):
    plt.savefig(os.path.join(figdir, fname))


sns.reset_defaults()
# sns.set_style('whitegrid')
# sns.set_context('talk')
sns.set_context(context="talk", font_scale=0.7)

tfd = tfp.distributions


# @title Synthesize dataset.
w0 = 0.125
b0 = 5.0
x_range = [-20, 60]


def load_dataset(n=150, n_tst=150):
    np.random.seed(43)

    def s(x):
        g = (x - x_range[0]) / (x_range[1] - x_range[0])
        return 3 * (0.25 + g**2.0)

    x = (x_range[1] - x_range[0]) * np.random.rand(n) + x_range[0]
    eps = np.random.randn(n) * s(x)
    y = (w0 * x * (1.0 + np.sin(x)) + b0) + eps
    x = x[..., np.newaxis]
    x_tst = np.linspace(*x_range, num=n_tst).astype(np.float32)
    x_tst = x_tst[..., np.newaxis]
    return y, x, x_tst


y, x, x_tst = load_dataset()


plt.figure()
# plt.figure(figsize=[8, 5])  # inches
plt.plot(x, y, "b.", label="observed")
savefig("linreg_1d_hetero_data.pdf")
plt.show()


### Fixed output variance
model = tf.keras.Sequential(
    [
        tf.keras.layers.Dense(1),  # 1 linear layer
        tfp.layers.DistributionLambda(lambda t: tfd.Normal(loc=t, scale=1)),
    ]
)

negloglik = lambda y, rv_y: -rv_y.log_prob(y)
model.compile(optimizer=tf.optimizers.Adam(learning_rate=0.01), loss=negloglik)
history = model.fit(x, y, epochs=1000, verbose=False)
[print(np.squeeze(w.numpy())) for w in model.weights]
yhat = model(x_tst)
assert isinstance(yhat, tfd.Distribution)

plt.plot(history.history["loss"], label="Train")
# plt.plot(history.history['val_loss'], label='Val')
plt.legend()
plt.xlabel("Epoch")
plt.ylabel("NLL")
plt.show()


plt.figure()
plt.plot(x, y, "b.", label="observed")
plt.plot(x_tst, yhat.mean(), "r", label="mean", linewidth=4)
savefig("linreg_1d_hetero_mean.pdf")
plt.show()


plt.figure()
plt.plot(x, y, "b.", label="observed")
m = yhat.mean()
s = yhat.stddev()
plt.plot(x_tst, m, "r", linewidth=4, label="mean")
plt.plot(x_tst, m + 2 * s, "g", linewidth=2, label=r"mean + 2 stddev")
plt.plot(x_tst, m - 2 * s, "g", linewidth=2, label=r"mean - 2 stddev")
savefig("linreg_1d_hetero_var_fixed.pdf")
plt.show()

# Data-dependent variance (heteroskedastic)

# mu(x) = b + wx
# sigma(x) = softplus( 0.05 * b' + w' x)
model = tf.keras.Sequential(
    [
        tf.keras.layers.Dense(1 + 1),  # linear model for mean and variance
        tfp.layers.DistributionLambda(
            lambda t: tfd.Normal(loc=t[..., :1], scale=1e-3 + tf.math.softplus(0.05 * t[..., 1:]))
        ),
    ]
)

model.compile(optimizer=tf.optimizers.Adam(learning_rate=0.01), loss=negloglik)
model.fit(x, y, epochs=1000, verbose=False)
yhat = model(x_tst)
assert isinstance(yhat, tfd.Distribution)


plt.figure()
plt.plot(x, y, "b.", label="observed")
m = yhat.mean()
s = yhat.stddev()

plt.plot(x_tst, m, "r", linewidth=4, label="mean")
plt.plot(x_tst, m + 2 * s, "g", linewidth=2, label=r"mean + 2 stddev")
plt.plot(x_tst, m - 2 * s, "g", linewidth=2, label=r"mean - 2 stddev")
savefig("linreg_1d_hetero_var_adaptive.pdf")
plt.show()
------------------

---------------------------------------------------------------------------
ModuleNotFoundError                       Traceback (most recent call last)
/tmp/ipykernel_5535/494545967.py in <module>
     15 try:
---> 16     import tensorflow.compat.v2 as tf
     17 except ModuleNotFoundError:

ModuleNotFoundError: No module named 'tensorflow'

During handling of the above exception, another exception occurred:

ImportError                               Traceback (most recent call last)
/tmp/ipykernel_5535/494545967.py in <module>
     17 except ModuleNotFoundError:
     18     get_ipython().run_line_magic('pip', 'install -qq tensorflow')
---> 19     import tensorflow.compat.v2 as tf
     20 tf.enable_v2_behavior()
     21 

~/miniconda3/envs/py37/lib/python3.7/site-packages/tensorflow/__init__.py in <module>
     35 import typing as _typing
     36 
---> 37 from tensorflow.python.tools import module_util as _module_util
     38 from tensorflow.python.util.lazy_loader import LazyLoader as _LazyLoader
     39 

~/miniconda3/envs/py37/lib/python3.7/site-packages/tensorflow/python/__init__.py in <module>
    141 
    142 # MLIR APIs.
--> 143 from tensorflow.python.compiler.mlir import mlir
    144 
    145 # Structs (aka extension types)

~/miniconda3/envs/py37/lib/python3.7/site-packages/tensorflow/python/compiler/mlir/mlir.py in <module>
     15 """mlir is an experimental library that provides support APIs for MLIR."""
     16 
---> 17 from tensorflow.python import pywrap_mlir
     18 from tensorflow.python.util.tf_export import tf_export
     19 

~/miniconda3/envs/py37/lib/python3.7/site-packages/tensorflow/python/pywrap_mlir.py in <module>
     18 from tensorflow.python import pywrap_tensorflow
     19 from tensorflow.python.eager import context
---> 20 from tensorflow.python._pywrap_mlir import *
     21 
     22 

ImportError: /github/home/miniconda3/envs/py37/lib/python3.7/site-packages/tensorflow/python/_pywrap_mlir.so: undefined symbol: _ZN10tensorflow14ImportFunctionERKSsS1_bP11TFE_ContextP9TF_Status, version tensorflow
ImportError: /github/home/miniconda3/envs/py37/lib/python3.7/site-packages/tensorflow/python/_pywrap_mlir.so: undefined symbol: _ZN10tensorflow14ImportFunctionERKSsS1_bP11TFE_ContextP9TF_Status, version tensorflow
