An error occurred while executing the following cell:
------------------
# Figure 20.6, 20.7, 20.8

# PCA train set and test set reconstruction error vs K
# Reconstruction error on test set gets lower as K increased
# Screeplot and fraction of variance explained
# likelihood of PCA model shows “knee” or “elbow” in the curve


import matplotlib.pyplot as plt
import numpy as np

try:
    from sklearn.decomposition import PCA
except ModuleNotFoundError:
    %pip install -qq scikit-learn
    from sklearn.decomposition import PCA
from scipy.stats import multivariate_normal

try:
    from tensorflow import keras
except ModuleNotFoundError:
    %pip install -qq tensorflow
    from tensorflow import keras
import warnings
from sklearn.metrics import mean_squared_error

warnings.simplefilter("ignore", RuntimeWarning)  # for some NaN values

# Function to calculate log likelihood of PCA from eigenvalues
# Implemented equations from the book:
# "Probabilistic Machine Learning: An Introduction"


def log_likelihood(evals):

    Lmax = len(evals)
    ll = np.arange(0.0, Lmax)

    for L in range(Lmax):

        group1 = evals[0 : L + 1]  # Divide Eigenvalues in two groups
        group2 = evals[L + 1 : Lmax]

        mu1 = np.mean(group1)
        mu2 = np.mean(group2)

        # eqn (20.30)
        sigma = (np.sum((group1 - mu1) ** 2) + np.sum((group2 - mu2) ** 2)) / Lmax

        ll_group1 = np.sum(multivariate_normal.logpdf(group1, mu1, sigma))
        ll_group2 = np.sum(multivariate_normal.logpdf(group2, mu2, sigma))

        ll[L] = ll_group1 + ll_group2  # eqn (20.31)

    return ll


# Standard mnist dataset

mnist = keras.datasets.mnist
(train_images, train_labels), (test_images, test_labels) = mnist.load_data()
train_images = train_images[train_labels == 3]  # select images of digit '3'

n_images = 1000
train_images = train_images[0:n_images, :, :]
n_samples, n_rows, n_cols = train_images.shape
X = np.reshape(train_images, (n_samples, n_rows * n_cols))

X_train = X[0 : int(n_images / 2), :]  # 500 images in train set
X_test = X[int(n_images / 2) :, :]  # 500 images in test set

# Reconstruction error on MNIST vs number of latent dimensions used by PCA

X_rank = np.linalg.matrix_rank(X_train)
K_linspace = np.linspace(1, 0.75 * X_rank, 10, dtype=int)
Ks = np.unique(np.append([1, 5, 10, 20], K_linspace))

RMSE_train = np.arange(len(Ks))
RMSE_test = np.arange(len(Ks))

for index, K in enumerate(Ks):
    pca = PCA(n_components=K)

    Xtrain_transformed = pca.fit_transform(X_train)
    Xtrain_proj = pca.inverse_transform(Xtrain_transformed)
    RMSE_train[index] = mean_squared_error(X_train, Xtrain_proj, squared=False)

    Xtest_transformed = pca.transform(X_test)
    Xtest_proj = pca.inverse_transform(Xtest_transformed)
    RMSE_test[index] = mean_squared_error(X_test, Xtest_proj, squared=False)

# profile log likelihood for PCA

n_samples, n_features = X_train.shape
Kmax = min(n_samples, n_features)

pca = PCA(n_components=Kmax)
X_transformed = pca.fit_transform(X_train)
evals = pca.explained_variance_  # eigenvalues in descending order

ll = log_likelihood(evals)

# Fraction of variance explained

fraction_var = np.cumsum(evals[0:50] / np.sum(evals))

# Figure 20.6(a) train set reconstruction error

fig, ax = plt.subplots()
xs = Ks
ys = RMSE_train
plt.title("train set reconstruction error")
plt.xlabel("num PCs")
plt.ylabel("rmse")
ax.plot(xs, ys, marker="o")
plt.show()

# Figure 20.6(b) test set reconstruction error

fig, ax = plt.subplots()
xs = Ks
ys = RMSE_test
plt.title("test set reconstruction error")
plt.xlabel("num PCs")
plt.ylabel("rmse")
ax.plot(xs, ys, marker="o")
plt.show()

# Figure 20.7(a) Scree plot for training set

fig, ax = plt.subplots()
xs = np.arange(1, 51)
ys = evals[0:50]
plt.title("screeplot")
plt.xlabel("num PCs")
plt.ylabel("eigenvalues")
plt.ticklabel_format(axis="y", style="sci", scilimits=(0, 0))
ax.plot(xs, ys)
plt.show()

# Figure 20.7(b) Fraction of variance explained

fig, ax = plt.subplots()
xs = np.arange(1, 51)
ys = fraction_var
plt.xlabel("num PCs")
plt.ylabel("proportion of variance explained")
ax.plot(xs, ys)
plt.show()

# Figure 20.8 Profile likelihood corresponding to PCA model

fig, ax = plt.subplots()
xs = np.arange(1, 51)
ys = ll[0:50]
plt.xlabel("num PCs")
plt.ylabel("profile log likelihood")

ax.plot(xs, ys)
plt.show()
------------------

---------------------------------------------------------------------------
ModuleNotFoundError                       Traceback (most recent call last)
/tmp/ipykernel_6547/3773121736.py in <module>
     19 try:
---> 20     from tensorflow import keras
     21 except ModuleNotFoundError:

ModuleNotFoundError: No module named 'tensorflow'

During handling of the above exception, another exception occurred:

RuntimeError                              Traceback (most recent call last)
/tmp/ipykernel_6547/3773121736.py in <module>
     21 except ModuleNotFoundError:
     22     get_ipython().run_line_magic('pip', 'install -qq tensorflow')
---> 23     from tensorflow import keras
     24 import warnings
     25 from sklearn.metrics import mean_squared_error

~/miniconda3/envs/py37/lib/python3.7/site-packages/tensorflow/__init__.py in <module>
     49 from ._api.v2 import autograph
     50 from ._api.v2 import bitwise
---> 51 from ._api.v2 import compat
     52 from ._api.v2 import config
     53 from ._api.v2 import data

~/miniconda3/envs/py37/lib/python3.7/site-packages/tensorflow/_api/v2/compat/__init__.py in <module>
     35 import sys as _sys
     36 
---> 37 from . import v1
     38 from . import v2
     39 from tensorflow.python.compat.compat import forward_compatibility_horizon

~/miniconda3/envs/py37/lib/python3.7/site-packages/tensorflow/_api/v2/compat/v1/__init__.py in <module>
     28 from . import autograph
     29 from . import bitwise
---> 30 from . import compat
     31 from . import config
     32 from . import data

~/miniconda3/envs/py37/lib/python3.7/site-packages/tensorflow/_api/v2/compat/v1/compat/__init__.py in <module>
     35 import sys as _sys
     36 
---> 37 from . import v1
     38 from . import v2
     39 from tensorflow.python.compat.compat import forward_compatibility_horizon

~/miniconda3/envs/py37/lib/python3.7/site-packages/tensorflow/_api/v2/compat/v1/compat/v1/__init__.py in <module>
     45 from tensorflow._api.v2.compat.v1 import layers
     46 from tensorflow._api.v2.compat.v1 import linalg
---> 47 from tensorflow._api.v2.compat.v1 import lite
     48 from tensorflow._api.v2.compat.v1 import logging
     49 from tensorflow._api.v2.compat.v1 import lookup

~/miniconda3/envs/py37/lib/python3.7/site-packages/tensorflow/_api/v2/compat/v1/lite/__init__.py in <module>
      7 
      8 from . import constants
----> 9 from . import experimental
     10 from tensorflow.lite.python.lite import Interpreter
     11 from tensorflow.lite.python.lite import OpHint

~/miniconda3/envs/py37/lib/python3.7/site-packages/tensorflow/_api/v2/compat/v1/lite/experimental/__init__.py in <module>
      6 import sys as _sys
      7 
----> 8 from . import authoring
      9 from tensorflow.lite.python.analyzer import ModelAnalyzer as Analyzer
     10 from tensorflow.lite.python.lite import OpResolverType

~/miniconda3/envs/py37/lib/python3.7/site-packages/tensorflow/_api/v2/compat/v1/lite/experimental/authoring/__init__.py in <module>
      6 import sys as _sys
      7 
----> 8 from tensorflow.lite.python.authoring.authoring import compatible

~/miniconda3/envs/py37/lib/python3.7/site-packages/tensorflow/lite/python/authoring/authoring.py in <module>
     41 
     42 # pylint: disable=g-import-not-at-top
---> 43 from tensorflow.lite.python import convert
     44 from tensorflow.lite.python import lite
     45 from tensorflow.lite.python.metrics import converter_error_data_pb2

~/miniconda3/envs/py37/lib/python3.7/site-packages/tensorflow/lite/python/convert.py in <module>
     26 
     27 from tensorflow.lite.python import lite_constants
---> 28 from tensorflow.lite.python import util
     29 from tensorflow.lite.python import wrap_toco
     30 from tensorflow.lite.python.convert_phase import Component

~/miniconda3/envs/py37/lib/python3.7/site-packages/tensorflow/lite/python/util.py in <module>
     53 # pylint: disable=unused-import
     54 try:
---> 55   from jax import xla_computation as _xla_computation
     56 except ImportError:
     57   _xla_computation = None

~/miniconda3/envs/py37/lib/python3.7/site-packages/jax/__init__.py in <module>
     33 # We want the exported object to be the class, so we first import the module
     34 # to make sure a later import doesn't overwrite the class.
---> 35 from jax import config as _config_module
     36 del _config_module
     37 

~/miniconda3/envs/py37/lib/python3.7/site-packages/jax/config.py in <module>
     15 # TODO(phawkins): fix users of this alias and delete this file.
     16 
---> 17 from jax._src.config import config

~/miniconda3/envs/py37/lib/python3.7/site-packages/jax/_src/config.py in <module>
     27 from absl import logging
     28 
---> 29 from jax._src import lib
     30 from jax._src.lib import jax_jit
     31 from jax._src.lib import transfer_guard_lib

~/miniconda3/envs/py37/lib/python3.7/site-packages/jax/_src/lib/__init__.py in <module>
     95   jax_version=jax.version.__version__,
     96   jaxlib_version=jaxlib.version.__version__,
---> 97   minimum_jaxlib_version=jax.version._minimum_jaxlib_version)
     98 
     99 

~/miniconda3/envs/py37/lib/python3.7/site-packages/jax/_src/lib/__init__.py in check_jaxlib_version(jax_version, jaxlib_version, minimum_jaxlib_version)
     87            f'incompatible with jax version {jax_version}. Please '
     88            'update your jax and/or jaxlib packages.')
---> 89     raise RuntimeError(msg)
     90 
     91   return _jaxlib_version

RuntimeError: jaxlib version 0.3.15 is newer than and incompatible with jax version 0.3.14. Please update your jax and/or jaxlib packages.
RuntimeError: jaxlib version 0.3.15 is newer than and incompatible with jax version 0.3.14. Please update your jax and/or jaxlib packages.
